17480 scans -> 14499 keyframes  HY4 drought_kf=0
  kf 0/14499  t=0s  loops=0  dr(try/hyp/ver/snap)=0/0/0/0
  kf 1000/14499  t=12s  loops=0  dr(try/hyp/ver/snap)=0/0/0/0
  kf 2000/14499  t=23s  loops=3  dr(try/hyp/ver/snap)=0/0/0/0
  kf 3000/14499  t=38s  loops=18  dr(try/hyp/ver/snap)=0/0/0/0
  kf 4000/14499  t=51s  loops=20  dr(try/hyp/ver/snap)=0/0/0/0
  kf 5000/14499  t=64s  loops=21  dr(try/hyp/ver/snap)=0/0/0/0
  kf 6000/14499  t=76s  loops=23  dr(try/hyp/ver/snap)=0/0/0/0
  kf 7000/14499  t=94s  loops=40  dr(try/hyp/ver/snap)=0/0/0/0
  kf 8000/14499  t=108s  loops=42  dr(try/hyp/ver/snap)=0/0/0/0
  kf 9000/14499  t=120s  loops=42  dr(try/hyp/ver/snap)=0/0/0/0
  kf 10000/14499  t=139s  loops=47  dr(try/hyp/ver/snap)=0/0/0/0
  kf 11000/14499  t=154s  loops=51  dr(try/hyp/ver/snap)=0/0/0/0
  kf 12000/14499  t=167s  loops=51  dr(try/hyp/ver/snap)=0/0/0/0
  kf 13000/14499  t=182s  loops=55  dr(try/hyp/ver/snap)=0/0/0/0
  kf 14000/14499  t=196s  loops=61  dr(try/hyp/ver/snap)=0/0/0/0
done: 203s (14 ms/kf)  loop edges=61 (final third: 15)  pruned=3  relax=21  map=17687 KB
drought: try=0 hyp=0 verified=0 snaps=0
saved /Users/kamp/code/ssp/mit_traj_hy4_r5base.npz
matched ref points: 1795 / 1941
HY4 r5base       ATE vs corrected log: rmse 45.291 m   median 36.713 m   max 82.079 m
raw odometry     ATE vs corrected log: rmse 189.331 m   median 140.690 m   max 522.761 m
final-third pts: 616  rmse 54.249 m
