17480 scans -> 14499 keyframes  HY4 drought_kf=500
  kf 0/14499  t=0s  loops=0  dr(try/hyp/ver/snap)=0/0/0/0
  kf 1000/14499  t=15s  loops=0  dr(try/hyp/ver/snap)=18/14/9/0
  kf 2000/14499  t=32s  loops=3  dr(try/hyp/ver/snap)=31/24/12/1
  kf 3000/14499  t=49s  loops=18  dr(try/hyp/ver/snap)=41/34/18/2
  kf 4000/14499  t=64s  loops=36  dr(try/hyp/ver/snap)=46/39/19/2
  kf 5000/14499  t=81s  loops=42  dr(try/hyp/ver/snap)=56/49/19/2
  kf 6000/14499  t=104s  loops=42  dr(try/hyp/ver/snap)=91/84/22/2
  kf 7000/14499  t=126s  loops=50  dr(try/hyp/ver/snap)=111/104/22/2
  kf 8000/14499  t=147s  loops=50  dr(try/hyp/ver/snap)=136/129/24/2
  kf 9000/14499  t=172s  loops=50  dr(try/hyp/ver/snap)=172/165/24/2
  kf 10000/14499  t=195s  loops=57  dr(try/hyp/ver/snap)=197/190/34/2
  kf 11000/14499  t=213s  loops=60  dr(try/hyp/ver/snap)=207/200/35/2
  kf 12000/14499  t=240s  loops=60  dr(try/hyp/ver/snap)=242/235/42/2
  kf 13000/14499  t=266s  loops=60  dr(try/hyp/ver/snap)=278/271/47/2
  kf 14000/14499  t=293s  loops=60  dr(try/hyp/ver/snap)=314/307/65/2
done: 306s (21 ms/kf)  loop edges=60 (final third: 10)  pruned=3  relax=27  map=17627 KB
drought: try=331 hyp=324 verified=70 snaps=2
   {'k': 808, 'phase': 'pending', 'z': 4.23, 'chi': 0.27, 'ratio': 0.62, 'nsh': 1, 'noff': 1110, 'hyp': [-47.4, 46.0, -0.37], 'pose': [-46.14, 46.85, -0.36], 'c_aid': 92}
   {'k': 976, 'phase': 'pair-conflict', 'z': 3.81, 'chi': 4.3, 'ratio': 0.59, 'nsh': 1, 'noff': 1229, 'hyp': [-36.6, 41.6, 0.21], 'pose': [-35.63, 43.52, 0.29], 'c_aid': 78, 'pair_dt': 8.19, 'pair_drh': 36.23, 'pair_gap': 168}
   {'k': 1312, 'phase': 'pending', 'z': 3.33, 'chi': 0.22, 'ratio': 1.01, 'nsh': 1, 'noff': 1943, 'hyp': [-48.0, 44.0, 0.37], 'pose': [-47.89, 44.12, 0.35], 'c_aid': 197}
   {'k': 1340, 'phase': 'snap', 'z': 4.24, 'chi': 0.31, 'ratio': 0.58, 'nsh': 1, 'noff': 1948, 'hyp': [-47.6, 43.8, 0.99], 'pose': [-46.77, 45.32, 1.02], 'c_aid': 200, 'pair_dt': 0.72, 'pair_drh': 2.58, 'pair_gap': 28}
   {'k': 2728, 'phase': 'pending', 'z': 5.19, 'chi': 0.55, 'ratio': 1.02, 'nsh': 2, 'noff': 3308, 'hyp': [-20.4, 63.0, 1.15], 'pose': [-18.94, 63.38, 1.15], 'c_aid': 344}
   {'k': 2784, 'phase': 'pair-conflict', 'z': 4.94, 'chi': 0.41, 'ratio': 1.18, 'nsh': 2, 'noff': 3278, 'hyp': [-20.6, 62.6, 1.15], 'pose': [-19.27, 63.34, 1.1], 'c_aid': 344, 'pair_dt': 4.07, 'pair_drh': 2.11, 'pair_gap': 56}
   {'k': 2812, 'phase': 'pair-conflict', 'z': 4.95, 'chi': 0.39, 'ratio': 1.3, 'nsh': 2, 'noff': 3240, 'hyp': [-20.6, 62.6, 1.1], 'pose': [-19.14, 63.33, 1.12], 'c_aid': 344, 'pair_dt': 2.39, 'pair_drh': 1.46, 'pair_gap': 28}
   {'k': 2840, 'phase': 'pair-conflict', 'z': 4.89, 'chi': 0.38, 'ratio': 1.26, 'nsh': 2, 'noff': 3174, 'hyp': [-20.6, 62.6, 1.2], 'pose': [-19.3, 63.45, 1.15], 'c_aid': 344, 'pair_dt': 3.07, 'pair_drh': 1.21, 'pair_gap': 28}
   {'k': 2952, 'phase': 'pair-conflict', 'z': 5.02, 'chi': 0.24, 'ratio': 0.7, 'nsh': 2, 'noff': 3018, 'hyp': [-20.4, 62.6, 1.2], 'pose': [-19.17, 63.19, 1.16], 'c_aid': 344, 'pair_dt': 7.0, 'pair_drh': 1.52, 'pair_gap': 112}
   {'k': 2980, 'phase': 'snap', 'z': 5.15, 'chi': 0.24, 'ratio': 1.07, 'nsh': 2, 'noff': 2989, 'hyp': [-20.4, 62.6, 1.2], 'pose': [-19.19, 63.41, 1.14], 'c_aid': 344, 'pair_dt': 0.19, 'pair_drh': 0.09, 'pair_gap': 28}
   {'k': 5644, 'phase': 'pending', 'z': 6.76, 'chi': 1.05, 'ratio': 0.56, 'nsh': 3, 'noff': 6521, 'hyp': [-19.0, 63.6, 2.83], 'pose': [-17.72, 64.69, 2.78], 'c_aid': 349}
   {'k': 7640, 'phase': 'pending', 'z': 5.88, 'chi': 7.46, 'ratio': 0.58, 'nsh': 4, 'noff': 10672, 'hyp': [-22.0, 64.6, -0.58], 'pose': [-23.09, 66.41, -0.56], 'c_aid': 836}
   {'k': 9096, 'phase': 'pending', 'z': 4.84, 'chi': 2.98, 'ratio': 0.65, 'nsh': 4, 'noff': 10672, 'hyp': [-21.2, 63.2, 0.99], 'pose': [-21.59, 62.79, 0.88], 'c_aid': 344}
   {'k': 9152, 'phase': 'pair-conflict', 'z': 5.98, 'chi': 2.53, 'ratio': 0.65, 'nsh': 4, 'noff': 10672, 'hyp': [-23.0, 64.0, 0.94], 'pose': [-22.09, 64.5, 0.9], 'c_aid': 834, 'pair_dt': 5.25, 'pair_drh': 2.94, 'pair_gap': 56}
   {'k': 9236, 'phase': 'pair-conflict', 'z': 5.85, 'chi': 1.84, 'ratio': 1.07, 'nsh': 4, 'noff': 10672, 'hyp': [-21.0, 66.4, -0.52], 'pose': [-20.49, 66.5, -0.47], 'c_aid': 840, 'pair_dt': 6.54, 'pair_drh': 5.27, 'pair_gap': 84}
   {'k': 9572, 'phase': 'pending', 'z': 6.39, 'chi': 0.67, 'ratio': 0.77, 'nsh': 4, 'noff': 10672, 'hyp': [-21.2, 65.6, -0.42], 'pose': [-20.25, 66.24, -0.5], 'c_aid': 839}
   {'k': 9628, 'phase': 'pair-conflict', 'z': 5.62, 'chi': 1.55, 'ratio': 0.91, 'nsh': 4, 'noff': 10672, 'hyp': [-21.2, 65.4, -0.52], 'pose': [-21.16, 65.44, -0.61], 'c_aid': 838, 'pair_dt': 6.75, 'pair_drh': 11.82, 'pair_gap': 56}
   {'k': 10972, 'phase': 'pending', 'z': 4.74, 'chi': 6.31, 'ratio': 1.25, 'nsh': 6, 'noff': 15348, 'hyp': [-1.6, 14.8, -2.15], 'pose': [-2.19, 14.29, -2.11], 'c_aid': 986}
   {'k': 11840, 'phase': 'pending', 'z': 5.56, 'chi': 5.44, 'ratio': 0.58, 'nsh': 6, 'noff': 15348, 'hyp': [-21.4, 65.8, -0.58], 'pose': [-22.56, 64.25, -0.59], 'c_aid': 838}
   {'k': 11924, 'phase': 'pair-conflict', 'z': 6.37, 'chi': 4.95, 'ratio': 0.74, 'nsh': 6, 'noff': 15348, 'hyp': [-20.0, 62.2, 1.36], 'pose': [-20.93, 61.9, 1.25], 'c_aid': 346, 'pair_dt': 7.05, 'pair_drh': 0.94, 'pair_gap': 84}
   {'k': 11980, 'phase': 'pair-conflict', 'z': 6.39, 'chi': 4.94, 'ratio': 0.77, 'nsh': 6, 'noff': 15348, 'hyp': [-21.2, 63.2, 0.37], 'pose': [-23.06, 63.47, 0.47], 'c_aid': 344, 'pair_dt': 6.2, 'pair_drh': 2.16, 'pair_gap': 56}
   {'k': 12288, 'phase': 'pending', 'z': 5.03, 'chi': 8.77, 'ratio': 0.84, 'nsh': 6, 'noff': 15348, 'hyp': [-18.8, 63.2, 2.46], 'pose': [-19.71, 63.17, 2.54], 'c_aid': 348}
   {'k': 12820, 'phase': 'pending', 'z': 5.26, 'chi': 5.28, 'ratio': 1.15, 'nsh': 6, 'noff': 15348, 'hyp': [-1.0, 14.0, -2.36], 'pose': [-2.03, 13.62, -2.34], 'c_aid': 967}
   {'k': 13128, 'phase': 'pending', 'z': 4.85, 'chi': 5.27, 'ratio': 1.29, 'nsh': 6, 'noff': 15348, 'hyp': [-18.0, 63.6, 2.72], 'pose': [-18.37, 64.66, 2.61], 'c_aid': 608}
   {'k': 13156, 'phase': 'pair-conflict', 'z': 4.61, 'chi': 4.48, 'ratio': 1.15, 'nsh': 6, 'noff': 15348, 'hyp': [-2.0, 15.2, -2.2], 'pose': [-2.31, 14.37, -2.19], 'c_aid': 986, 'pair_dt': 53.71, 'pair_drh': 3.16, 'pair_gap': 28}
   {'k': 13380, 'phase': 'pending', 'z': 5.25, 'chi': 0.39, 'ratio': 0.6, 'nsh': 6, 'noff': 15348, 'hyp': [-18.4, 64.0, -3.04], 'pose': [-20.26, 63.61, -3.02], 'c_aid': 349}
   {'k': 13408, 'phase': 'pair-conflict', 'z': 5.54, 'chi': 5.76, 'ratio': 0.73, 'nsh': 6, 'noff': 15348, 'hyp': [-18.8, 69.2, -2.09], 'pose': [-20.17, 70.95, -2.1], 'c_aid': 844, 'pair_dt': 7.84, 'pair_drh': 50.27, 'pair_gap': 28}
   {'k': 13464, 'phase': 'pair-conflict', 'z': 5.01, 'chi': 4.39, 'ratio': 1.09, 'nsh': 6, 'noff': 15348, 'hyp': [-1.4, 14.4, -2.09], 'pose': [-1.86, 13.75, -2.15], 'c_aid': 967, 'pair_dt': 56.43, 'pair_drh': 5.91, 'pair_gap': 56}
   {'k': 13492, 'phase': 'pair-conflict', 'z': 4.83, 'chi': 4.26, 'ratio': 1.05, 'nsh': 6, 'noff': 15348, 'hyp': [-1.6, 14.0, -2.2], 'pose': [-1.66, 14.1, -2.23], 'c_aid': 967, 'pair_dt': 3.01, 'pair_drh': 0.62, 'pair_gap': 28}
   {'k': 13520, 'phase': 'pair-conflict', 'z': 5.08, 'chi': 4.36, 'ratio': 0.93, 'nsh': 6, 'noff': 15348, 'hyp': [-1.4, 14.0, -2.25], 'pose': [-1.82, 14.06, -2.18], 'c_aid': 967, 'pair_dt': 1.3, 'pair_drh': 0.61, 'pair_gap': 28}
   {'k': 13548, 'phase': 'pair-conflict', 'z': 5.05, 'chi': 4.38, 'ratio': 1.06, 'nsh': 6, 'noff': 15348, 'hyp': [-1.2, 14.2, -2.2], 'pose': [-1.77, 14.04, -2.15], 'c_aid': 967, 'pair_dt': 1.37, 'pair_drh': 0.14, 'pair_gap': 28}
   {'k': 13632, 'phase': 'pair-conflict', 'z': 4.87, 'chi': 4.35, 'ratio': 0.98, 'nsh': 6, 'noff': 15348, 'hyp': [-1.0, 14.4, -2.25], 'pose': [-1.79, 13.97, -2.2], 'c_aid': 967, 'pair_dt': 7.23, 'pair_drh': 0.01, 'pair_gap': 84}
   {'k': 13660, 'phase': 'pair-conflict', 'z': 5.09, 'chi': 4.35, 'ratio': 1.1, 'nsh': 6, 'noff': 15348, 'hyp': [-1.0, 14.4, -2.2], 'pose': [-1.76, 14.01, -2.16], 'c_aid': 967, 'pair_dt': 3.67, 'pair_drh': 0.06, 'pair_gap': 28}
   {'k': 13716, 'phase': 'pair-conflict', 'z': 4.87, 'chi': 4.35, 'ratio': 0.89, 'nsh': 6, 'noff': 15348, 'hyp': [-1.6, 13.4, -2.2], 'pose': [-1.76, 13.63, -2.18], 'c_aid': 967, 'pair_dt': 7.31, 'pair_drh': 0.13, 'pair_gap': 56}
   {'k': 13828, 'phase': 'pair-conflict', 'z': 4.93, 'chi': 4.25, 'ratio': 1.29, 'nsh': 6, 'noff': 15348, 'hyp': [-1.4, 14.0, -2.2], 'pose': [-1.71, 13.96, -2.18], 'c_aid': 967, 'pair_dt': 13.21, 'pair_drh': 0.34, 'pair_gap': 112}
   {'k': 13912, 'phase': 'pair-conflict', 'z': 4.99, 'chi': 4.25, 'ratio': 0.88, 'nsh': 6, 'noff': 15348, 'hyp': [-0.8, 14.0, -2.2], 'pose': [-1.49, 13.79, -2.16], 'c_aid': 967, 'pair_dt': 2.41, 'pair_drh': 0.04, 'pair_gap': 84}
   {'k': 14024, 'phase': 'pair-conflict', 'z': 4.97, 'chi': 4.27, 'ratio': 0.64, 'nsh': 6, 'noff': 15348, 'hyp': [-0.8, 15.6, -2.2], 'pose': [-0.67, 14.16, -2.19], 'c_aid': 956, 'pair_dt': 2.87, 'pair_drh': 0.11, 'pair_gap': 84}
   {'k': 14332, 'phase': 'pending', 'z': 5.21, 'chi': 5.12, 'ratio': 0.7, 'nsh': 6, 'noff': 15348, 'hyp': [-20.0, 62.2, 2.67], 'pose': [-18.24, 63.5, 2.6], 'c_aid': 346}
   {'k': 14388, 'phase': 'pair-conflict', 'z': 6.02, 'chi': 5.48, 'ratio': 0.77, 'nsh': 6, 'noff': 15348, 'hyp': [-15.6, 65.0, 2.46], 'pose': [-14.51, 64.1, 2.47], 'c_aid': 613, 'pair_dt': 10.31, 'pair_drh': 1.86, 'pair_gap': 56}
saved /Users/kamp/code/ssp/mit_traj_hy4_r5r4ref.npz
matched ref points: 1795 / 1941
HY4 r5r4ref      ATE vs corrected log: rmse 42.952 m   median 39.118 m   max 81.234 m
raw odometry     ATE vs corrected log: rmse 189.331 m   median 140.690 m   max 522.761 m
final-third pts: 616  rmse 47.588 m
